<?xml version="1.0" encoding="UTF-8"?>
<testsuite xmlns:xsi="http://www.w3.org/2001/XMLSchema-instance" xsi:noNamespaceSchemaLocation="https://maven.apache.org/surefire/maven-surefire-plugin/xsd/surefire-test-report.xsd" version="3.0.2" name="minesweeper.BoardTest" time="0.061" tests="6" errors="0" skipped="0" failures="0">
  <properties>
[...]
</properties>
  <testcase name="firstMoveIsSafe" classname="minesweeper.BoardTest" time="0.032"/>
  <testcase name="revealSameCellTwiceDoesNotFail" classname="minesweeper.BoardTest" time="0.001"/>
  <testcase name="testRevealingSameCellAgainDoesNotChangeState" classname="minesweeper.BoardTest" time="0.001"/>
  <testcase name="testRevealMineEndsGame" classname="minesweeper.BoardTest" time="0.001"/>
  <testcase name="gameOverWhenMineRevealed" classname="minesweeper.BoardTest" time="0.001"/>
  <testcase name="testFirstMoveIsAlwaysSafe" classname="minesweeper.BoardTest" time="0.001"/>
</testsuite>